[04:13:32.058][INFO][CraftTweaker-EarlyInit]: CraftTweaker is running on a Minecraft 1.20.1 production server modded with platform Forge
[04:13:32.076][INFO][CraftTweaker-EarlyInit]: Successfully injected RecipeFS file system
[04:13:32.118][INFO][CraftTweaker-Plugins]: Successfully identified and loaded plugin jeitweaker:common
[04:13:32.134][INFO][CraftTweaker-Plugins]: Successfully identified and loaded plugin crafttweaker:builtin
[04:13:32.135][INFO][CraftTweaker-Plugins]: Successfully identified and loaded plugin crafttweaker:builtin_forge
[04:13:32.137][INFO][CraftTweaker-Plugins]: Successfully identified and loaded plugin farmersdelight:crafttweaker_plugin
[04:13:32.171][INFO][JEITweaker]: Identified JeiTweaker plugin 'jeitweaker:forge': loading scheduled
[04:13:32.172][INFO][JEITweaker]: Identified JeiTweaker plugin 'jeitweaker:common': loading scheduled
[04:13:32.182][INFO][JEITweaker]: JEITweaker Environmental Check: the combination of mods [jei] is fully supported
[04:13:32.183][INFO][JEITweaker]: Running JeiTweaker plugin initialization
[04:13:32.206][INFO][JEITweaker]: JeiTweaker plugin initialization completed successfully
[04:13:33.059][INFO][CraftTweaker]: The following mods have explicit CraftTweaker support through the default plugin:
[04:13:33.059][INFO][CraftTweaker]: - 'crafttweaker' at version '14.0.57'
[04:13:33.059][INFO][CraftTweaker]: - 'farmersdelight' at version '1.20.1-1.2.7'
[04:13:33.059][INFO][CraftTweaker]: - 'immersiveengineering' at version '1.20.1-10.2.0-183'
[04:13:33.060][INFO][CraftTweaker]: - 'jeitweaker' at version '8.0.6'
[04:13:44.599][INFO][CraftTweaker-ZenCode]: Started loading scripts for loader 'initialize'
[04:13:45.097][INFO][CraftTweaker-ZenCode]: Compiling and executing scripts
[04:13:45.129][INFO][CraftTweaker-ZenCode]: Successfully initialized modules [crafttweaker, expansions]
[04:13:45.218][INFO][CraftTweaker-ZenCode]: Execution for loader 'initialize' completed successfully
[04:13:53.400][INFO][CraftTweaker-ZenCode]: Started loading scripts for loader 'tags'
[04:13:53.433][INFO][CraftTweaker-ZenCode]: Compiling and executing scripts
[04:13:53.454][INFO][CraftTweaker-ZenCode]: Successfully initialized modules [crafttweaker, expansions]
[04:13:53.467][INFO][CraftTweaker-ZenCode]: Execution for loader 'tags' completed successfully
[04:13:55.516][INFO][CraftTweaker]: crafttweaker.reload.start
[04:13:55.523][INFO][CraftTweaker-ZenCode]: Started loading scripts for loader 'crafttweaker'
[04:13:55.553][INFO][CraftTweaker-ZenCode]: Compiling and executing scripts
[04:13:56.009][INFO][CraftTweaker-ZenCode]: Successfully initialized modules [mods, crafttweaker, expansions]
[04:13:56.031][INFO][CraftTweaker-ZenCode]: Execution for loader 'crafttweaker' completed successfully
[04:13:56.032][INFO][CraftTweaker]: crafttweaker.reload.complete
